<?xml version="1.0" encoding="UTF-8"?>
<testsuite xmlns:xsi="http://www.w3.org/2001/XMLSchema-instance" xsi:noNamespaceSchemaLocation="https://maven.apache.org/surefire/maven-surefire-plugin/xsd/surefire-test-report-3.0.xsd" version="3.0" name="com.bharath.Transactions.TransactionsApplicationTests" time="8.687" tests="1" errors="0" skipped="0" failures="0">
  <properties>
[...]
</properties>
  <testcase name="contextLoads" classname="com.bharath.Transactions.TransactionsApplicationTests" time="2.247">
    <system-out><![CDATA[14:33:24.545 [main] INFO org.springframework.test.context.support.AnnotationConfigContextLoaderUtils -- Could not detect default configuration classes for test class [com.bharath.Transactions.TransactionsApplicationTests]: TransactionsApplicationTests does not declare any static, non-private, non-final, nested classes annotated with @Configuration.
14:33:24.941 [main] INFO org.springframework.boot.test.context.SpringBootTestContextBootstrapper -- Found @SpringBootConfiguration com.bharath.Transactions.TransactionsApplication for test class com.bharath.Transactions.TransactionsApplicationTests
14:33:25.477 [main] INFO org.springframework.boot.devtools.restart.RestartApplicationListener -- Restart disabled due to context in which it is running

  .   ____          _            __ _ _
 /\\ / ___'_ __ _ _(_)_ __  __ _ \ \ \ \
( ( )\___ | '_ | '_| | '_ \/ _` | \ \ \ \
 \\/  ___)| |_)| | | | | || (_| |  ) ) ) )
  '  |____| .__|_| |_|_| |_\__, | / / / /
 =========|_|==============|___/=/_/_/_/

 :: Spring Boot ::                (v3.3.4)

2024-10-02T14:33:26.101-05:00  INFO 21652 --- [Transactions] [           main] c.b.T.TransactionsApplicationTests       : Starting TransactionsApplicationTests using Java 23 with PID 21652 (started by bnakka in C:\Users\bnakka\OneDrive - UAB - The University of Alabama at Birmingham\Desktop\FinBuddy\MongoDB\Transactions\Transactions)
2024-10-02T14:33:26.104-05:00  INFO 21652 --- [Transactions] [           main] c.b.T.TransactionsApplicationTests       : No active profile set, falling back to 1 default profile: "default"
2024-10-02T14:33:27.406-05:00  INFO 21652 --- [Transactions] [           main] .s.d.r.c.RepositoryConfigurationDelegate : Bootstrapping Spring Data MongoDB repositories in DEFAULT mode.
2024-10-02T14:33:27.565-05:00  INFO 21652 --- [Transactions] [           main] .s.d.r.c.RepositoryConfigurationDelegate : Finished Spring Data repository scanning in 148 ms. Found 1 MongoDB repository interface.
2024-10-02T14:33:28.824-05:00  INFO 21652 --- [Transactions] [cyb.mongodb.net] org.mongodb.driver.cluster               : Adding discovered server cluster0-shard-00-02.9ocyb.mongodb.net:27017 to client view of cluster
2024-10-02T14:33:28.873-05:00  INFO 21652 --- [Transactions] [           main] org.mongodb.driver.client                : MongoClient with metadata {"driver": {"name": "mongo-java-driver|sync|spring-boot", "version": "5.0.1"}, "os": {"type": "Windows", "name": "Windows 10", "architecture": "amd64", "version": "10.0"}, "platform": "Java/Oracle Corporation/23+37-2369"} created with settings MongoClientSettings{readPreference=primary, writeConcern=WriteConcern{w=null, wTimeout=null ms, journal=null}, retryWrites=true, retryReads=true, readConcern=ReadConcern{level=null}, credential=MongoCredential{mechanism=null, userName='bharath1', source='admin', password=<hidden>, mechanismProperties=<hidden>}, transportSettings=null, commandListeners=[], codecRegistry=ProvidersCodecRegistry{codecProviders=[ValueCodecProvider{}, BsonValueCodecProvider{}, DBRefCodecProvider{}, DBObjectCodecProvider{}, DocumentCodecProvider{}, CollectionCodecProvider{}, IterableCodecProvider{}, MapCodecProvider{}, GeoJsonCodecProvider{}, GridFSFileCodecProvider{}, Jsr310CodecProvider{}, JsonObjectCodecProvider{}, BsonCodecProvider{}, EnumCodecProvider{}, com.mongodb.client.model.mql.ExpressionCodecProvider@75023c53, com.mongodb.Jep395RecordCodecProvider@66813e6e, com.mongodb.KotlinCodecProvider@dab1f89]}, loggerSettings=LoggerSettings{maxDocumentLength=1000}, clusterSettings={hosts=[127.0.0.1:27017], srvHost=cluster0.9ocyb.mongodb.net, srvServiceName=mongodb, mode=MULTIPLE, requiredClusterType=REPLICA_SET, requiredReplicaSetName='atlas-100k2i-shard-0', serverSelector='null', clusterListeners='[]', serverSelectionTimeout='30000 ms', localThreshold='15 ms'}, socketSettings=SocketSettings{connectTimeoutMS=10000, readTimeoutMS=0, receiveBufferSize=0, proxySettings=ProxySettings{host=null, port=null, username=null, password=null}}, heartbeatSocketSettings=SocketSettings{connectTimeoutMS=10000, readTimeoutMS=10000, receiveBufferSize=0, proxySettings=ProxySettings{host=null, port=null, username=null, password=null}}, connectionPoolSettings=ConnectionPoolSettings{maxSize=100, minSize=0, maxWaitTimeMS=120000, maxConnectionLifeTimeMS=0, maxConnectionIdleTimeMS=0, maintenanceInitialDelayMS=0, maintenanceFrequencyMS=60000, connectionPoolListeners=[], maxConnecting=2}, serverSettings=ServerSettings{heartbeatFrequencyMS=10000, minHeartbeatFrequencyMS=500, serverListeners='[]', serverMonitorListeners='[]'}, sslSettings=SslSettings{enabled=true, invalidHostNameAllowed=false, context=null}, applicationName='null', compressorList=[], uuidRepresentation=JAVA_LEGACY, serverApi=null, autoEncryptionSettings=null, dnsClient=null, inetAddressResolver=null, contextProvider=null}
2024-10-02T14:33:28.888-05:00  INFO 21652 --- [Transactions] [cyb.mongodb.net] org.mongodb.driver.cluster               : Adding discovered server cluster0-shard-00-00.9ocyb.mongodb.net:27017 to client view of cluster
2024-10-02T14:33:28.895-05:00  INFO 21652 --- [Transactions] [cyb.mongodb.net] org.mongodb.driver.cluster               : Adding discovered server cluster0-shard-00-01.9ocyb.mongodb.net:27017 to client view of cluster
2024-10-02T14:33:30.084-05:00  INFO 21652 --- [Transactions] [ngodb.net:27017] org.mongodb.driver.cluster               : Monitor thread successfully connected to server with description ServerDescription{address=cluster0-shard-00-01.9ocyb.mongodb.net:27017, type=REPLICA_SET_SECONDARY, state=CONNECTED, ok=true, minWireVersion=0, maxWireVersion=21, maxDocumentSize=16777216, logicalSessionTimeoutMinutes=30, roundTripTimeNanos=666947500, setName='atlas-100k2i-shard-0', canonicalAddress=cluster0-shard-00-01.9ocyb.mongodb.net:27017, hosts=[cluster0-shard-00-01.9ocyb.mongodb.net:27017, cluster0-shard-00-02.9ocyb.mongodb.net:27017, cluster0-shard-00-00.9ocyb.mongodb.net:27017], passives=[], arbiters=[], primary='cluster0-shard-00-02.9ocyb.mongodb.net:27017', tagSet=TagSet{[Tag{name='availabilityZone', value='use1-az6'}, Tag{name='diskState', value='READY'}, Tag{name='nodeType', value='ELECTABLE'}, Tag{name='provider', value='AWS'}, Tag{name='region', value='US_EAST_1'}, Tag{name='workloadType', value='OPERATIONAL'}]}, electionId=null, setVersion=94, topologyVersion=TopologyVersion{processId=66fbc3f506c4026c7111e8c8, counter=3}, lastWriteDate=Wed Oct 02 14:33:29 CDT 2024, lastUpdateTimeNanos=55201826116000}
2024-10-02T14:33:30.084-05:00  INFO 21652 --- [Transactions] [ngodb.net:27017] org.mongodb.driver.cluster               : Monitor thread successfully connected to server with description ServerDescription{address=cluster0-shard-00-02.9ocyb.mongodb.net:27017, type=REPLICA_SET_PRIMARY, state=CONNECTED, ok=true, minWireVersion=0, maxWireVersion=21, maxDocumentSize=16777216, logicalSessionTimeoutMinutes=30, roundTripTimeNanos=666733900, setName='atlas-100k2i-shard-0', canonicalAddress=cluster0-shard-00-02.9ocyb.mongodb.net:27017, hosts=[cluster0-shard-00-01.9ocyb.mongodb.net:27017, cluster0-shard-00-02.9ocyb.mongodb.net:27017, cluster0-shard-00-00.9ocyb.mongodb.net:27017], passives=[], arbiters=[], primary='cluster0-shard-00-02.9ocyb.mongodb.net:27017', tagSet=TagSet{[Tag{name='availabilityZone', value='use1-az1'}, Tag{name='diskState', value='READY'}, Tag{name='nodeType', value='ELECTABLE'}, Tag{name='provider', value='AWS'}, Tag{name='region', value='US_EAST_1'}, Tag{name='workloadType', value='OPERATIONAL'}]}, electionId=7fffffff0000000000000172, setVersion=94, topologyVersion=TopologyVersion{processId=66fbc1a7c9c75c0e21058f20, counter=6}, lastWriteDate=Wed Oct 02 14:33:29 CDT 2024, lastUpdateTimeNanos=55201825837700}
2024-10-02T14:33:30.084-05:00  INFO 21652 --- [Transactions] [ngodb.net:27017] org.mongodb.driver.cluster               : Monitor thread successfully connected to server with description ServerDescription{address=cluster0-shard-00-00.9ocyb.mongodb.net:27017, type=REPLICA_SET_SECONDARY, state=CONNECTED, ok=true, minWireVersion=0, maxWireVersion=21, maxDocumentSize=16777216, logicalSessionTimeoutMinutes=30, roundTripTimeNanos=669256300, setName='atlas-100k2i-shard-0', canonicalAddress=cluster0-shard-00-00.9ocyb.mongodb.net:27017, hosts=[cluster0-shard-00-01.9ocyb.mongodb.net:27017, cluster0-shard-00-02.9ocyb.mongodb.net:27017, cluster0-shard-00-00.9ocyb.mongodb.net:27017], passives=[], arbiters=[], primary='cluster0-shard-00-02.9ocyb.mongodb.net:27017', tagSet=TagSet{[Tag{name='availabilityZone', value='use1-az4'}, Tag{name='diskState', value='READY'}, Tag{name='nodeType', value='ELECTABLE'}, Tag{name='provider', value='AWS'}, Tag{name='region', value='US_EAST_1'}, Tag{name='workloadType', value='OPERATIONAL'}]}, electionId=null, setVersion=94, topologyVersion=TopologyVersion{processId=66fbc2b5ac54b07689510949, counter=4}, lastWriteDate=Wed Oct 02 14:33:29 CDT 2024, lastUpdateTimeNanos=55201826116000}
2024-10-02T14:33:30.093-05:00  INFO 21652 --- [Transactions] [ngodb.net:27017] org.mongodb.driver.cluster               : Discovered replica set primary cluster0-shard-00-02.9ocyb.mongodb.net:27017 with max election id 7fffffff0000000000000172 and max set version 94
2024-10-02T14:33:30.576-05:00  INFO 21652 --- [Transactions] [           main] c.b.T.TransactionsApplicationTests       : Started TransactionsApplicationTests in 5.136 seconds (process running for 7.579)
]]></system-out>
    <system-err><![CDATA[WARNING: A Java agent has been loaded dynamically (C:\Users\bnakka\.m2\repository\net\bytebuddy\byte-buddy-agent\1.14.19\byte-buddy-agent-1.14.19.jar)
WARNING: If a serviceability tool is in use, please run with -XX:+EnableDynamicAgentLoading to hide this warning
WARNING: If a serviceability tool is not in use, please run with -Djdk.instrument.traceUsage for more information
WARNING: Dynamic loading of agents will be disallowed by default in a future release
]]></system-err>
  </testcase>
</testsuite>